<?xml version="1.0" encoding="UTF-8"?>
<!-- Generated by org.testng.reporters.JUnitReportReporter -->
<testsuite hostname="DESKTOP-C75M3F7" failures="0" tests="3" name="qa.tests.Testcase1" time="76.840" errors="0" timestamp="2024-02-08T13:25:00 SAST" skipped="0">
  <testcase classname="qa.tests.Testcase1" name="testMethodForEnteringCredentials" time="33.317"/>
  <system-out/>
  <testcase classname="qa.tests.Testcase1" name="testMethodForEnteringCredentials" time="20.983"/>
  <system-out/>
  <testcase classname="qa.tests.Testcase1" name="testMethodForEnteringCredentials" time="22.540"/>
  <system-out/>
</testsuite> <!-- qa.tests.Testcase1 -->
