<?xml version="1.0" encoding="UTF-8"?>
<!-- Generated by org.testng.reporters.JUnitReportReporter -->
<testsuite hostname="DESKTOP-C75M3F7" failures="0" tests="2" name="qa.tests.Testcase1" time="49.215" errors="0" timestamp="2023-12-22T21:36:18 SAST" skipped="0">
  <testcase classname="qa.tests.Testcase1" name="testMethodForEnteringCredentials" time="14.482"/>
  <system-out/>
  <testcase classname="qa.tests.Testcase1" name="testMethodForEnteringCredentials" time="34.733"/>
  <system-out/>
</testsuite> <!-- qa.tests.Testcase1 -->
